<?xml version="1.0" encoding="UTF-8"?>
<!-- Generated by org.testng.reporters.JUnitReportReporter -->
<testsuite skipped="0" hostname="Footdive" name="test.ExtentReportsDemoWithTestNG" tests="2" failures="0" timestamp="30 Jun 2019 18:57:03 GMT" time="0.624" errors="0">
  <testcase name="test1" time="0.622" classname="test.ExtentReportsDemoWithTestNG"/>
  <testcase name="test2" time="0.002" classname="test.ExtentReportsDemoWithTestNG"/>
</testsuite> <!-- test.ExtentReportsDemoWithTestNG -->
