<?xml version="1.0" encoding="UTF-8"?>
<!-- Generated by org.testng.reporters.JUnitReportReporter -->
<testsuite skipped="0" hostname="Footdive" name="Demo.TestNGMultiBrowserDemo" tests="3" failures="0" timestamp="10 Jul 2019 18:19:24 GMT" time="15.080" errors="0">
  <testcase name="test1" time="4.616" classname="Demo.TestNGMultiBrowserDemo"/>
  <testcase name="test1" time="5.537" classname="Demo.TestNGMultiBrowserDemo"/>
  <testcase name="test1" time="4.927" classname="Demo.TestNGMultiBrowserDemo"/>
</testsuite> <!-- Demo.TestNGMultiBrowserDemo -->
