<?xml version="1.0" encoding="UTF-8"?>
<!-- Generated by org.testng.reporters.JUnitReportReporter -->
<testsuite skipped="0" hostname="Footdive" name="Demo.TestNGGroupsDemo" tests="4" failures="0" timestamp="15 Jul 2019 13:17:02 GMT" time="0.004" errors="0">
  <testcase name="test1" time="0.001" classname="Demo.TestNGGroupsDemo"/>
  <testcase name="test4" time="0.001" classname="Demo.TestNGGroupsDemo"/>
  <testcase name="test3" time="0.001" classname="Demo.TestNGGroupsDemo"/>
  <testcase name="test2" time="0.001" classname="Demo.TestNGGroupsDemo"/>
</testsuite> <!-- Demo.TestNGGroupsDemo -->
