<?xml version="1.0" encoding="UTF-8"?>
<!-- Generated by org.testng.reporters.JUnitReportReporter -->
<testsuite skipped="0" hostname="Footdive" name="Demo.TestNGPriorityDemo" tests="3" failures="0" timestamp="15 Jul 2019 14:11:29 GMT" time="0.008" errors="0">
  <testcase name="one" time="0.006" classname="Demo.TestNGPriorityDemo"/>
  <testcase name="three" time="0.001" classname="Demo.TestNGPriorityDemo"/>
  <testcase name="two" time="0.001" classname="Demo.TestNGPriorityDemo"/>
</testsuite> <!-- Demo.TestNGPriorityDemo -->
