<?xml version="1.0" encoding="UTF-8"?>
<!-- Generated by org.testng.reporters.JUnitReportReporter -->
<testsuite skipped="1" hostname="Footdive" name="Demo.TestNGignoreDemo" tests="2" failures="0" timestamp="15 Jul 2019 14:07:17 GMT" time="0.006" errors="0">
  <testcase name="test2" time="0.006" classname="Demo.TestNGignoreDemo"/>
  <testcase name="test1" classname="Demo.TestNGignoreDemo">
    <skipped/>
  </testcase> <!-- test1 -->
</testsuite> <!-- Demo.TestNGignoreDemo -->
