<?xml version="1.0" encoding="UTF-8"?>
<!-- Generated by org.testng.reporters.JUnitReportReporter -->
<testsuite skipped="0" hostname="Footdive" name="Demo.TestNGParametersDemo" tests="1" failures="0" timestamp="15 Jul 2019 12:51:43 GMT" time="0.006" errors="0">
  <testcase name="test" time="0.006" classname="Demo.TestNGParametersDemo"/>
</testsuite> <!-- Demo.TestNGParametersDemo -->
