<?xml version="1.0" encoding="UTF-8"?>
<!-- Generated by org.testng.reporters.JUnitReportReporter -->
<testsuite skipped="0" hostname="Footdive" name="utils.ExcelDataProvider" tests="1" failures="0" timestamp="09 Jul 2019 17:50:45 GMT" time="2.882" errors="0">
  <testcase name="test1" time="2.882" classname="utils.ExcelDataProvider"/>
</testsuite> <!-- utils.ExcelDataProvider -->
