<?xml version="1.0" encoding="UTF-8"?>
<!-- Generated by org.testng.reporters.JUnitReportReporter -->
<testsuite skipped="0" hostname="Footdive" name="Demo.TestNGDependencyDemo" tests="3" failures="0" timestamp="15 Jul 2019 13:18:02 GMT" time="0.007" errors="0">
  <testcase name="test2" time="0.005" classname="Demo.TestNGDependencyDemo"/>
  <testcase name="test1" time="0.000" classname="Demo.TestNGDependencyDemo"/>
  <testcase name="test3" time="0.002" classname="Demo.TestNGDependencyDemo"/>
</testsuite> <!-- Demo.TestNGDependencyDemo -->
