<?xml version="1.0" encoding="UTF-8"?>
<!-- Generated by org.testng.reporters.JUnitReportReporter -->
<testsuite skipped="0" hostname="Footdive" name="test.TestNG_Demo" tests="1" failures="0" timestamp="07 Jul 2019 19:41:44 GMT" time="2.014" errors="0">
  <testcase name="googleSearch" time="2.014" classname="test.TestNG_Demo"/>
</testsuite> <!-- test.TestNG_Demo -->
